
> frontend@0.1.0 dev
> next dev

▲ Next.js 16.1.6 (Turbopack)
- Local:         http://localhost:3000
- Network:       http://192.168.0.105:3000
- Environments: .env.local, .env

✓ Starting...
⚠ The "middleware" file convention is deprecated. Please use "proxy" instead. Learn more: https://nextjs.org/docs/messages/middleware-to-proxy
✓ Ready in 2.6s
Error: Can't resolve 'tailwindcss' in 'E:\Hackathon-2\phase-03'
    [2m[at finishWithoutResolve (E:\Hackathon-2\phase-03\frontend\node_modules\enhanced-resolve\lib\Resolver.js:586:18)][0m
    [2m[at E:\Hackathon-2\phase-03\frontend\node_modules\enhanced-resolve\lib\Resolver.js:678:14][0m
    [2m[at E:\Hackathon-2\phase-03\frontend\node_modules\enhanced-resolve\lib\Resolver.js:739:5][0m
    [2m[at eval (eval at create (E:\Hackathon-2\phase-03\frontend\node_modules\tapable\lib\HookCodeFactory.js:31:10), <anonymous>:15:1)][0m
    [2m[at E:\Hackathon-2\phase-03\frontend\node_modules\enhanced-resolve\lib\Resolver.js:739:5][0m
    [2m[at eval (eval at create (E:\Hackathon-2\phase-03\frontend\node_modules\tapable\lib\HookCodeFactory.js:31:10), <anonymous>:16:1)][0m
    [2m[at E:\Hackathon-2\phase-03\frontend\node_modules\enhanced-resolve\lib\Resolver.js:739:5][0m
    [2m[at eval (eval at create (E:\Hackathon-2\phase-03\frontend\node_modules\tapable\lib\HookCodeFactory.js:31:10), <anonymous>:15:1)][0m
    [2m[at E:\Hackathon-2\phase-03\frontend\node_modules\enhanced-resolve\lib\Resolver.js:739:5][0m
    [2m[at eval (eval at create (E:\Hackathon-2\phase-03\frontend\node_modules\tapable\lib\HookCodeFactory.js:31:10), <anonymous>:15:1)][0m {
  details: "resolve 'tailwindcss' in 'E:\\Hackathon-2\\phase-03'\n" +
    '  Parsed request is a module\n' +
    '  No description file found in E:\\Hackathon-2\\phase-03 or above\n' +
    '  resolve as module\n' +
    "    E:\\Hackathon-2\\phase-03\\node_modules doesn't exist or is not a directory\n" +
    "    E:\\Hackathon-2\\node_modules doesn't exist or is not a directory\n" +
    "    E:\\node_modules doesn't exist or is not a directory"
}
 GET / 200 in 3.9s (compile: 3.4s, render: 504ms)
Error: Can't resolve 'tailwindcss' in 'E:\Hackathon-2\phase-03'
    [2m[at finishWithoutResolve (E:\Hackathon-2\phase-03\frontend\node_modules\enhanced-resolve\lib\Resolver.js:586:18)][0m
    [2m[at E:\Hackathon-2\phase-03\frontend\node_modules\enhanced-resolve\lib\Resolver.js:678:14][0m
    [2m[at E:\Hackathon-2\phase-03\frontend\node_modules\enhanced-resolve\lib\Resolver.js:739:5][0m
    [2m[at eval (eval at create (E:\Hackathon-2\phase-03\frontend\node_modules\tapable\lib\HookCodeFactory.js:31:10), <anonymous>:15:1)][0m
    [2m[at E:\Hackathon-2\phase-03\frontend\node_modules\enhanced-resolve\lib\Resolver.js:739:5][0m
    [2m[at eval (eval at create (E:\Hackathon-2\phase-03\frontend\node_modules\tapable\lib\HookCodeFactory.js:31:10), <anonymous>:16:1)][0m
    [2m[at E:\Hackathon-2\phase-03\frontend\node_modules\enhanced-resolve\lib\Resolver.js:739:5][0m
    [2m[at eval (eval at create (E:\Hackathon-2\phase-03\frontend\node_modules\tapable\lib\HookCodeFactory.js:31:10), <anonymous>:15:1)][0m
    [2m[at E:\Hackathon-2\phase-03\frontend\node_modules\enhanced-resolve\lib\Resolver.js:739:5][0m
    [2m[at eval (eval at create (E:\Hackathon-2\phase-03\frontend\node_modules\tapable\lib\HookCodeFactory.js:31:10), <anonymous>:15:1)][0m {
  details: "resolve 'tailwindcss' in 'E:\\Hackathon-2\\phase-03'\n" +
    '  Parsed request is a module\n' +
    '  No description file found in E:\\Hackathon-2\\phase-03 or above\n' +
    '  resolve as module\n' +
    "    E:\\Hackathon-2\\phase-03\\node_modules doesn't exist or is not a directory\n" +
    "    E:\\Hackathon-2\\node_modules doesn't exist or is not a directory\n" +
    "    E:\\node_modules doesn't exist or is not a directory"
}
Error: Can't resolve 'tailwindcss' in 'E:\Hackathon-2\phase-03'
    [2m[at finishWithoutResolve (E:\Hackathon-2\phase-03\frontend\node_modules\enhanced-resolve\lib\Resolver.js:586:18)][0m
    [2m[at E:\Hackathon-2\phase-03\frontend\node_modules\enhanced-resolve\lib\Resolver.js:678:14][0m
    [2m[at E:\Hackathon-2\phase-03\frontend\node_modules\enhanced-resolve\lib\Resolver.js:739:5][0m
    [2m[at eval (eval at create (E:\Hackathon-2\phase-03\frontend\node_modules\tapable\lib\HookCodeFactory.js:31:10), <anonymous>:15:1)][0m
    [2m[at E:\Hackathon-2\phase-03\frontend\node_modules\enhanced-resolve\lib\Resolver.js:739:5][0m
    [2m[at eval (eval at create (E:\Hackathon-2\phase-03\frontend\node_modules\tapable\lib\HookCodeFactory.js:31:10), <anonymous>:16:1)][0m
    [2m[at E:\Hackathon-2\phase-03\frontend\node_modules\enhanced-resolve\lib\Resolver.js:739:5][0m
    [2m[at eval (eval at create (E:\Hackathon-2\phase-03\frontend\node_modules\tapable\lib\HookCodeFactory.js:31:10), <anonymous>:15:1)][0m
    [2m[at E:\Hackathon-2\phase-03\frontend\node_modules\enhanced-resolve\lib\Resolver.js:739:5][0m
    [2m[at eval (eval at create (E:\Hackathon-2\phase-03\frontend\node_modules\tapable\lib\HookCodeFactory.js:31:10), <anonymous>:15:1)][0m {
  details: "resolve 'tailwindcss' in 'E:\\Hackathon-2\\phase-03'\n" +
    '  Parsed request is a module\n' +
    '  No description file found in E:\\Hackathon-2\\phase-03 or above\n' +
    '  resolve as module\n' +
    "    E:\\Hackathon-2\\phase-03\\node_modules doesn't exist or is not a directory\n" +
    "    E:\\Hackathon-2\\node_modules doesn't exist or is not a directory\n" +
    "    E:\\node_modules doesn't exist or is not a directory"
}
Error: Can't resolve 'tailwindcss' in 'E:\Hackathon-2\phase-03'
    [2m[at finishWithoutResolve (E:\Hackathon-2\phase-03\frontend\node_modules\enhanced-resolve\lib\Resolver.js:586:18)][0m
    [2m[at E:\Hackathon-2\phase-03\frontend\node_modules\enhanced-resolve\lib\Resolver.js:678:14][0m
    [2m[at E:\Hackathon-2\phase-03\frontend\node_modules\enhanced-resolve\lib\Resolver.js:739:5][0m
    [2m[at eval (eval at create (E:\Hackathon-2\phase-03\frontend\node_modules\tapable\lib\HookCodeFactory.js:31:10), <anonymous>:15:1)][0m
    [2m[at E:\Hackathon-2\phase-03\frontend\node_modules\enhanced-resolve\lib\Resolver.js:739:5][0m
    [2m[at eval (eval at create (E:\Hackathon-2\phase-03\frontend\node_modules\tapable\lib\HookCodeFactory.js:31:10), <anonymous>:16:1)][0m
    [2m[at E:\Hackathon-2\phase-03\frontend\node_modules\enhanced-resolve\lib\Resolver.js:739:5][0m
    [2m[at eval (eval at create (E:\Hackathon-2\phase-03\frontend\node_modules\tapable\lib\HookCodeFactory.js:31:10), <anonymous>:15:1)][0m
    [2m[at E:\Hackathon-2\phase-03\frontend\node_modules\enhanced-resolve\lib\Resolver.js:739:5][0m
    [2m[at eval (eval at create (E:\Hackathon-2\phase-03\frontend\node_modules\tapable\lib\HookCodeFactory.js:31:10), <anonymous>:15:1)][0m {
  details: "resolve 'tailwindcss' in 'E:\\Hackathon-2\\phase-03'\n" +
    '  Parsed request is a module\n' +
    '  No description file found in E:\\Hackathon-2\\phase-03 or above\n' +
    '  resolve as module\n' +
    "    E:\\Hackathon-2\\phase-03\\node_modules doesn't exist or is not a directory\n" +
    "    E:\\Hackathon-2\\node_modules doesn't exist or is not a directory\n" +
    "    E:\\node_modules doesn't exist or is not a directory"
}
○ Compiling /api/auth/[...all] ...
Error: Can't resolve 'tailwindcss' in 'E:\Hackathon-2\phase-03'
    [2m[at finishWithoutResolve (E:\Hackathon-2\phase-03\frontend\node_modules\enhanced-resolve\lib\Resolver.js:586:18)][0m
    [2m[at E:\Hackathon-2\phase-03\frontend\node_modules\enhanced-resolve\lib\Resolver.js:678:14][0m
    [2m[at E:\Hackathon-2\phase-03\frontend\node_modules\enhanced-resolve\lib\Resolver.js:739:5][0m
    [2m[at eval (eval at create (E:\Hackathon-2\phase-03\frontend\node_modules\tapable\lib\HookCodeFactory.js:31:10), <anonymous>:15:1)][0m
    [2m[at E:\Hackathon-2\phase-03\frontend\node_modules\enhanced-resolve\lib\Resolver.js:739:5][0m
    [2m[at eval (eval at create (E:\Hackathon-2\phase-03\frontend\node_modules\tapable\lib\HookCodeFactory.js:31:10), <anonymous>:16:1)][0m
    [2m[at E:\Hackathon-2\phase-03\frontend\node_modules\enhanced-resolve\lib\Resolver.js:739:5][0m
    [2m[at eval (eval at create (E:\Hackathon-2\phase-03\frontend\node_modules\tapable\lib\HookCodeFactory.js:31:10), <anonymous>:15:1)][0m
    [2m[at E:\Hackathon-2\phase-03\frontend\node_modules\enhanced-resolve\lib\Resolver.js:739:5][0m
    [2m[at eval (eval at create (E:\Hackathon-2\phase-03\frontend\node_modules\tapable\lib\HookCodeFactory.js:31:10), <anonymous>:15:1)][0m {
  details: "resolve 'tailwindcss' in 'E:\\Hackathon-2\\phase-03'\n" +
    '  Parsed request is a module\n' +
    '  No description file found in E:\\Hackathon-2\\phase-03 or above\n' +
    '  resolve as module\n' +
    "    E:\\Hackathon-2\\phase-03\\node_modules doesn't exist or is not a directory\n" +
    "    E:\\Hackathon-2\\node_modules doesn't exist or is not a directory\n" +
    "    E:\\node_modules doesn't exist or is not a directory"
}
 GET / 200 in 1479ms (compile: 1376ms, render: 103ms)
 GET /api/auth/get-session 200 in 6.9s (compile: 6.9s, render: 65ms)
 GET /api/auth/token 200 in 2.5s (compile: 2.5s, render: 51ms)
 GET /api/auth/token 200 in 50ms (compile: 16ms, render: 34ms)
✓ Finished filesystem cache database compaction in 11.3s
 GET / 200 in 793ms (compile: 107ms, render: 686ms)
 GET /api/auth/get-session 200 in 118ms (compile: 52ms, render: 66ms)
 GET /api/auth/token 200 in 46ms (compile: 16ms, render: 30ms)
 GET /api/auth/token 200 in 37ms (compile: 14ms, render: 23ms)
 GET / 200 in 538ms (compile: 108ms, render: 430ms)
 GET /api/auth/get-session 200 in 163ms (compile: 92ms, render: 71ms)
 GET / 200 in 225ms (compile: 18ms, render: 208ms)
 GET /api/auth/get-session 200 in 75ms (compile: 41ms, render: 34ms)
 GET /api/auth/token 200 in 50ms (compile: 22ms, render: 29ms)
 GET /api/auth/token 200 in 37ms (compile: 14ms, render: 23ms)
 GET / 200 in 194ms (compile: 19ms, render: 175ms)
 GET /api/auth/get-session 200 in 151ms (compile: 103ms, render: 47ms)
○ Compiling /dashboard ...
Error: Can't resolve 'tailwindcss' in 'E:\Hackathon-2\phase-03'
    [2m[at finishWithoutResolve (E:\Hackathon-2\phase-03\frontend\node_modules\enhanced-resolve\lib\Resolver.js:586:18)][0m
    [2m[at E:\Hackathon-2\phase-03\frontend\node_modules\enhanced-resolve\lib\Resolver.js:678:14][0m
    [2m[at E:\Hackathon-2\phase-03\frontend\node_modules\enhanced-resolve\lib\Resolver.js:739:5][0m
    [2m[at eval (eval at create (E:\Hackathon-2\phase-03\frontend\node_modules\tapable\lib\HookCodeFactory.js:31:10), <anonymous>:15:1)][0m
    [2m[at E:\Hackathon-2\phase-03\frontend\node_modules\enhanced-resolve\lib\Resolver.js:739:5][0m
    [2m[at eval (eval at create (E:\Hackathon-2\phase-03\frontend\node_modules\tapable\lib\HookCodeFactory.js:31:10), <anonymous>:16:1)][0m
    [2m[at E:\Hackathon-2\phase-03\frontend\node_modules\enhanced-resolve\lib\Resolver.js:739:5][0m
    [2m[at eval (eval at create (E:\Hackathon-2\phase-03\frontend\node_modules\tapable\lib\HookCodeFactory.js:31:10), <anonymous>:15:1)][0m
    [2m[at E:\Hackathon-2\phase-03\frontend\node_modules\enhanced-resolve\lib\Resolver.js:739:5][0m
    [2m[at eval (eval at create (E:\Hackathon-2\phase-03\frontend\node_modules\tapable\lib\HookCodeFactory.js:31:10), <anonymous>:15:1)][0m {
  details: "resolve 'tailwindcss' in 'E:\\Hackathon-2\\phase-03'\n" +
    '  Parsed request is a module\n' +
    '  No description file found in E:\\Hackathon-2\\phase-03 or above\n' +
    '  resolve as module\n' +
    "    E:\\Hackathon-2\\phase-03\\node_modules doesn't exist or is not a directory\n" +
    "    E:\\Hackathon-2\\node_modules doesn't exist or is not a directory\n" +
    "    E:\\node_modules doesn't exist or is not a directory"
}
Error: Can't resolve 'tailwindcss' in 'E:\Hackathon-2\phase-03'
    [2m[at finishWithoutResolve (E:\Hackathon-2\phase-03\frontend\node_modules\enhanced-resolve\lib\Resolver.js:586:18)][0m
    [2m[at E:\Hackathon-2\phase-03\frontend\node_modules\enhanced-resolve\lib\Resolver.js:678:14][0m
    [2m[at E:\Hackathon-2\phase-03\frontend\node_modules\enhanced-resolve\lib\Resolver.js:739:5][0m
    [2m[at eval (eval at create (E:\Hackathon-2\phase-03\frontend\node_modules\tapable\lib\HookCodeFactory.js:31:10), <anonymous>:15:1)][0m
    [2m[at E:\Hackathon-2\phase-03\frontend\node_modules\enhanced-resolve\lib\Resolver.js:739:5][0m
    [2m[at eval (eval at create (E:\Hackathon-2\phase-03\frontend\node_modules\tapable\lib\HookCodeFactory.js:31:10), <anonymous>:16:1)][0m
    [2m[at E:\Hackathon-2\phase-03\frontend\node_modules\enhanced-resolve\lib\Resolver.js:739:5][0m
    [2m[at eval (eval at create (E:\Hackathon-2\phase-03\frontend\node_modules\tapable\lib\HookCodeFactory.js:31:10), <anonymous>:15:1)][0m
    [2m[at E:\Hackathon-2\phase-03\frontend\node_modules\enhanced-resolve\lib\Resolver.js:739:5][0m
    [2m[at eval (eval at create (E:\Hackathon-2\phase-03\frontend\node_modules\tapable\lib\HookCodeFactory.js:31:10), <anonymous>:15:1)][0m {
  details: "resolve 'tailwindcss' in 'E:\\Hackathon-2\\phase-03'\n" +
    '  Parsed request is a module\n' +
    '  No description file found in E:\\Hackathon-2\\phase-03 or above\n' +
    '  resolve as module\n' +
    "    E:\\Hackathon-2\\phase-03\\node_modules doesn't exist or is not a directory\n" +
    "    E:\\Hackathon-2\\node_modules doesn't exist or is not a directory\n" +
    "    E:\\node_modules doesn't exist or is not a directory"
}
Error: Can't resolve 'tailwindcss' in 'E:\Hackathon-2\phase-03'
    [2m[at finishWithoutResolve (E:\Hackathon-2\phase-03\frontend\node_modules\enhanced-resolve\lib\Resolver.js:586:18)][0m
    [2m[at E:\Hackathon-2\phase-03\frontend\node_modules\enhanced-resolve\lib\Resolver.js:678:14][0m
    [2m[at E:\Hackathon-2\phase-03\frontend\node_modules\enhanced-resolve\lib\Resolver.js:739:5][0m
    [2m[at eval (eval at create (E:\Hackathon-2\phase-03\frontend\node_modules\tapable\lib\HookCodeFactory.js:31:10), <anonymous>:15:1)][0m
    [2m[at E:\Hackathon-2\phase-03\frontend\node_modules\enhanced-resolve\lib\Resolver.js:739:5][0m
    [2m[at eval (eval at create (E:\Hackathon-2\phase-03\frontend\node_modules\tapable\lib\HookCodeFactory.js:31:10), <anonymous>:16:1)][0m
    [2m[at E:\Hackathon-2\phase-03\frontend\node_modules\enhanced-resolve\lib\Resolver.js:739:5][0m
    [2m[at eval (eval at create (E:\Hackathon-2\phase-03\frontend\node_modules\tapable\lib\HookCodeFactory.js:31:10), <anonymous>:15:1)][0m
    [2m[at E:\Hackathon-2\phase-03\frontend\node_modules\enhanced-resolve\lib\Resolver.js:739:5][0m
    [2m[at eval (eval at create (E:\Hackathon-2\phase-03\frontend\node_modules\tapable\lib\HookCodeFactory.js:31:10), <anonymous>:15:1)][0m {
  details: "resolve 'tailwindcss' in 'E:\\Hackathon-2\\phase-03'\n" +
    '  Parsed request is a module\n' +
    '  No description file found in E:\\Hackathon-2\\phase-03 or above\n' +
    '  resolve as module\n' +
    "    E:\\Hackathon-2\\phase-03\\node_modules doesn't exist or is not a directory\n" +
    "    E:\\Hackathon-2\\node_modules doesn't exist or is not a directory\n" +
    "    E:\\node_modules doesn't exist or is not a directory"
}
 GET /dashboard 200 in 16.5s (compile: 16.0s, proxy.ts: 32ms, render: 449ms)
 GET /dashboard 200 in 262ms (compile: 54ms, proxy.ts: 44ms, render: 164ms)
 GET /api/auth/token 200 in 192ms (compile: 30ms, render: 162ms)
 GET /api/auth/token 200 in 84ms (compile: 16ms, render: 68ms)
 GET /api/auth/token 200 in 54ms (compile: 18ms, render: 36ms)
 GET /api/auth/token 200 in 49ms (compile: 12ms, render: 37ms)
✓ Finished writing to filesystem cache in 12.2s
 GET / 200 in 530ms (compile: 43ms, render: 487ms)
 GET /dashboard 200 in 215ms (compile: 15ms, proxy.ts: 21ms, render: 179ms)
 GET /api/auth/token 200 in 55ms (compile: 11ms, render: 44ms)
 GET /api/auth/get-session 200 in 159ms (compile: 70ms, render: 89ms)
 GET /api/auth/token 200 in 40ms (compile: 19ms, render: 21ms)
 GET /api/auth/token 200 in 31ms (compile: 8ms, render: 23ms)
 GET /api/auth/token 200 in 146ms (compile: 112ms, render: 35ms)
 GET /api/auth/token 200 in 36ms (compile: 12ms, render: 24ms)
 GET /api/auth/token 200 in 48ms (compile: 18ms, render: 30ms)
 GET /api/auth/token 200 in 48ms (compile: 13ms, render: 35ms)
✓ Compiled in 1528ms
⚠ Fast Refresh had to perform a full reload when ./lib/contexts/ChatUIContext.tsx changed. Read more: https://nextjs.org/docs/messages/fast-refresh-reload
✓ Compiled in 1208ms
 GET /dashboard 200 in 2.4s (compile: 896ms, proxy.ts: 324ms, render: 1134ms)
 GET /api/auth/token 200 in 152ms (compile: 28ms, render: 124ms)
 GET /api/auth/get-session 200 in 143ms (compile: 76ms, render: 67ms)
✓ Compiled in 250ms
✓ Compiled in 231ms
✓ Compiled in 428ms
✓ Compiled in 115ms
✓ Finished filesystem cache database compaction in 16.9s
✓ Compiled in 64ms
○ Compiling /login ...
Error: Can't resolve 'tailwindcss' in 'E:\Hackathon-2\phase-03'
    [2m[at finishWithoutResolve (E:\Hackathon-2\phase-03\frontend\node_modules\enhanced-resolve\lib\Resolver.js:586:18)][0m
    [2m[at E:\Hackathon-2\phase-03\frontend\node_modules\enhanced-resolve\lib\Resolver.js:678:14][0m
    [2m[at E:\Hackathon-2\phase-03\frontend\node_modules\enhanced-resolve\lib\Resolver.js:739:5][0m
    [2m[at eval (eval at create (E:\Hackathon-2\phase-03\frontend\node_modules\tapable\lib\HookCodeFactory.js:31:10), <anonymous>:15:1)][0m
    [2m[at E:\Hackathon-2\phase-03\frontend\node_modules\enhanced-resolve\lib\Resolver.js:739:5][0m
    [2m[at eval (eval at create (E:\Hackathon-2\phase-03\frontend\node_modules\tapable\lib\HookCodeFactory.js:31:10), <anonymous>:16:1)][0m
    [2m[at E:\Hackathon-2\phase-03\frontend\node_modules\enhanced-resolve\lib\Resolver.js:739:5][0m
    [2m[at eval (eval at create (E:\Hackathon-2\phase-03\frontend\node_modules\tapable\lib\HookCodeFactory.js:31:10), <anonymous>:15:1)][0m
    [2m[at E:\Hackathon-2\phase-03\frontend\node_modules\enhanced-resolve\lib\Resolver.js:739:5][0m
    [2m[at eval (eval at create (E:\Hackathon-2\phase-03\frontend\node_modules\tapable\lib\HookCodeFactory.js:31:10), <anonymous>:15:1)][0m {
  details: "resolve 'tailwindcss' in 'E:\\Hackathon-2\\phase-03'\n" +
    '  Parsed request is a module\n' +
    '  No description file found in E:\\Hackathon-2\\phase-03 or above\n' +
    '  resolve as module\n' +
    "    E:\\Hackathon-2\\phase-03\\node_modules doesn't exist or is not a directory\n" +
    "    E:\\Hackathon-2\\node_modules doesn't exist or is not a directory\n" +
    "    E:\\node_modules doesn't exist or is not a directory"
}
Error: Can't resolve 'tailwindcss' in 'E:\Hackathon-2\phase-03'
    [2m[at finishWithoutResolve (E:\Hackathon-2\phase-03\frontend\node_modules\enhanced-resolve\lib\Resolver.js:586:18)][0m
    [2m[at E:\Hackathon-2\phase-03\frontend\node_modules\enhanced-resolve\lib\Resolver.js:678:14][0m
    [2m[at E:\Hackathon-2\phase-03\frontend\node_modules\enhanced-resolve\lib\Resolver.js:739:5][0m
    [2m[at eval (eval at create (E:\Hackathon-2\phase-03\frontend\node_modules\tapable\lib\HookCodeFactory.js:31:10), <anonymous>:15:1)][0m
    [2m[at E:\Hackathon-2\phase-03\frontend\node_modules\enhanced-resolve\lib\Resolver.js:739:5][0m
    [2m[at eval (eval at create (E:\Hackathon-2\phase-03\frontend\node_modules\tapable\lib\HookCodeFactory.js:31:10), <anonymous>:16:1)][0m
    [2m[at E:\Hackathon-2\phase-03\frontend\node_modules\enhanced-resolve\lib\Resolver.js:739:5][0m
    [2m[at eval (eval at create (E:\Hackathon-2\phase-03\frontend\node_modules\tapable\lib\HookCodeFactory.js:31:10), <anonymous>:15:1)][0m
    [2m[at E:\Hackathon-2\phase-03\frontend\node_modules\enhanced-resolve\lib\Resolver.js:739:5][0m
    [2m[at eval (eval at create (E:\Hackathon-2\phase-03\frontend\node_modules\tapable\lib\HookCodeFactory.js:31:10), <anonymous>:15:1)][0m {
  details: "resolve 'tailwindcss' in 'E:\\Hackathon-2\\phase-03'\n" +
    '  Parsed request is a module\n' +
    '  No description file found in E:\\Hackathon-2\\phase-03 or above\n' +
    '  resolve as module\n' +
    "    E:\\Hackathon-2\\phase-03\\node_modules doesn't exist or is not a directory\n" +
    "    E:\\Hackathon-2\\node_modules doesn't exist or is not a directory\n" +
    "    E:\\node_modules doesn't exist or is not a directory"
}
Error: Can't resolve 'tailwindcss' in 'E:\Hackathon-2\phase-03'
    [2m[at finishWithoutResolve (E:\Hackathon-2\phase-03\frontend\node_modules\enhanced-resolve\lib\Resolver.js:586:18)][0m
    [2m[at E:\Hackathon-2\phase-03\frontend\node_modules\enhanced-resolve\lib\Resolver.js:678:14][0m
    [2m[at E:\Hackathon-2\phase-03\frontend\node_modules\enhanced-resolve\lib\Resolver.js:739:5][0m
    [2m[at eval (eval at create (E:\Hackathon-2\phase-03\frontend\node_modules\tapable\lib\HookCodeFactory.js:31:10), <anonymous>:15:1)][0m
    [2m[at E:\Hackathon-2\phase-03\frontend\node_modules\enhanced-resolve\lib\Resolver.js:739:5][0m
    [2m[at eval (eval at create (E:\Hackathon-2\phase-03\frontend\node_modules\tapable\lib\HookCodeFactory.js:31:10), <anonymous>:16:1)][0m
    [2m[at E:\Hackathon-2\phase-03\frontend\node_modules\enhanced-resolve\lib\Resolver.js:739:5][0m
    [2m[at eval (eval at create (E:\Hackathon-2\phase-03\frontend\node_modules\tapable\lib\HookCodeFactory.js:31:10), <anonymous>:15:1)][0m
    [2m[at E:\Hackathon-2\phase-03\frontend\node_modules\enhanced-resolve\lib\Resolver.js:739:5][0m
    [2m[at eval (eval at create (E:\Hackathon-2\phase-03\frontend\node_modules\tapable\lib\HookCodeFactory.js:31:10), <anonymous>:15:1)][0m {
  details: "resolve 'tailwindcss' in 'E:\\Hackathon-2\\phase-03'\n" +
    '  Parsed request is a module\n' +
    '  No description file found in E:\\Hackathon-2\\phase-03 or above\n' +
    '  resolve as module\n' +
    "    E:\\Hackathon-2\\phase-03\\node_modules doesn't exist or is not a directory\n" +
    "    E:\\Hackathon-2\\node_modules doesn't exist or is not a directory\n" +
    "    E:\\node_modules doesn't exist or is not a directory"
}
 GET /login?redirect=%2Fdashboard 200 in 10.7s (compile: 9.8s, proxy.ts: 125ms, render: 799ms)
Error: Can't resolve 'tailwindcss' in 'E:\Hackathon-2\phase-03'
    [2m[at finishWithoutResolve (E:\Hackathon-2\phase-03\frontend\node_modules\enhanced-resolve\lib\Resolver.js:586:18)][0m
    [2m[at E:\Hackathon-2\phase-03\frontend\node_modules\enhanced-resolve\lib\Resolver.js:678:14][0m
    [2m[at E:\Hackathon-2\phase-03\frontend\node_modules\enhanced-resolve\lib\Resolver.js:739:5][0m
    [2m[at eval (eval at create (E:\Hackathon-2\phase-03\frontend\node_modules\tapable\lib\HookCodeFactory.js:31:10), <anonymous>:15:1)][0m
    [2m[at E:\Hackathon-2\phase-03\frontend\node_modules\enhanced-resolve\lib\Resolver.js:739:5][0m
    [2m[at eval (eval at create (E:\Hackathon-2\phase-03\frontend\node_modules\tapable\lib\HookCodeFactory.js:31:10), <anonymous>:16:1)][0m
    [2m[at E:\Hackathon-2\phase-03\frontend\node_modules\enhanced-resolve\lib\Resolver.js:739:5][0m
    [2m[at eval (eval at create (E:\Hackathon-2\phase-03\frontend\node_modules\tapable\lib\HookCodeFactory.js:31:10), <anonymous>:15:1)][0m
    [2m[at E:\Hackathon-2\phase-03\frontend\node_modules\enhanced-resolve\lib\Resolver.js:739:5][0m
    [2m[at eval (eval at create (E:\Hackathon-2\phase-03\frontend\node_modules\tapable\lib\HookCodeFactory.js:31:10), <anonymous>:15:1)][0m {
  details: "resolve 'tailwindcss' in 'E:\\Hackathon-2\\phase-03'\n" +
    '  Parsed request is a module\n' +
    '  No description file found in E:\\Hackathon-2\\phase-03 or above\n' +
    '  resolve as module\n' +
    "    E:\\Hackathon-2\\phase-03\\node_modules doesn't exist or is not a directory\n" +
    "    E:\\Hackathon-2\\node_modules doesn't exist or is not a directory\n" +
    "    E:\\node_modules doesn't exist or is not a directory"
}
Error: Can't resolve 'tailwindcss' in 'E:\Hackathon-2\phase-03'
    [2m[at finishWithoutResolve (E:\Hackathon-2\phase-03\frontend\node_modules\enhanced-resolve\lib\Resolver.js:586:18)][0m
    [2m[at E:\Hackathon-2\phase-03\frontend\node_modules\enhanced-resolve\lib\Resolver.js:678:14][0m
    [2m[at E:\Hackathon-2\phase-03\frontend\node_modules\enhanced-resolve\lib\Resolver.js:739:5][0m
    [2m[at eval (eval at create (E:\Hackathon-2\phase-03\frontend\node_modules\tapable\lib\HookCodeFactory.js:31:10), <anonymous>:15:1)][0m
    [2m[at E:\Hackathon-2\phase-03\frontend\node_modules\enhanced-resolve\lib\Resolver.js:739:5][0m
    [2m[at eval (eval at create (E:\Hackathon-2\phase-03\frontend\node_modules\tapable\lib\HookCodeFactory.js:31:10), <anonymous>:16:1)][0m
    [2m[at E:\Hackathon-2\phase-03\frontend\node_modules\enhanced-resolve\lib\Resolver.js:739:5][0m
    [2m[at eval (eval at create (E:\Hackathon-2\phase-03\frontend\node_modules\tapable\lib\HookCodeFactory.js:31:10), <anonymous>:15:1)][0m
    [2m[at E:\Hackathon-2\phase-03\frontend\node_modules\enhanced-resolve\lib\Resolver.js:739:5][0m
    [2m[at eval (eval at create (E:\Hackathon-2\phase-03\frontend\node_modules\tapable\lib\HookCodeFactory.js:31:10), <anonymous>:15:1)][0m {
  details: "resolve 'tailwindcss' in 'E:\\Hackathon-2\\phase-03'\n" +
    '  Parsed request is a module\n' +
    '  No description file found in E:\\Hackathon-2\\phase-03 or above\n' +
    '  resolve as module\n' +
    "    E:\\Hackathon-2\\phase-03\\node_modules doesn't exist or is not a directory\n" +
    "    E:\\Hackathon-2\\node_modules doesn't exist or is not a directory\n" +
    "    E:\\node_modules doesn't exist or is not a directory"
}
 GET /api/auth/get-session 200 in 1345ms (compile: 1208ms, render: 137ms)
 GET /login?redirect=%2Fdashboard 200 in 318ms (compile: 18ms, proxy.ts: 12ms, render: 288ms)
 GET /api/auth/get-session 200 in 30ms (compile: 8ms, render: 22ms)
 GET /api/auth/token 401 in 1191ms (compile: 1130ms, render: 61ms)
 GET /login?redirect=%2Fdashboard 200 in 367ms (compile: 24ms, proxy.ts: 20ms, render: 324ms)
 GET /api/auth/get-session 200 in 68ms (compile: 31ms, render: 37ms)
 GET /api/auth/token 401 in 41ms (compile: 15ms, render: 26ms)
 GET /api/auth/token 401 in 28ms (compile: 10ms, render: 18ms)
 GET /login?redirect=%2Fdashboard 200 in 296ms (compile: 14ms, proxy.ts: 9ms, render: 273ms)
 GET /api/auth/get-session 200 in 63ms (compile: 38ms, render: 25ms)
 GET /api/auth/token 401 in 26ms (compile: 9ms, render: 16ms)
 GET /api/auth/token 401 in 25ms (compile: 10ms, render: 15ms)
 GET /api/auth/token 401 in 31ms (compile: 11ms, render: 20ms)
 GET /api/auth/token 401 in 27ms (compile: 11ms, render: 16ms)
 GET /login?redirect=%2Fdashboard 200 in 240ms (compile: 15ms, proxy.ts: 15ms, render: 210ms)
 GET /api/auth/get-session 200 in 60ms (compile: 35ms, render: 25ms)
 GET /api/auth/token 401 in 34ms (compile: 10ms, render: 24ms)
 GET /api/auth/token 401 in 32ms (compile: 10ms, render: 22ms)
 GET /login?redirect=%2Fdashboard 200 in 357ms (compile: 22ms, proxy.ts: 12ms, render: 323ms)
 GET /api/auth/get-session 200 in 70ms (compile: 40ms, render: 30ms)
 GET /api/auth/token 401 in 28ms (compile: 10ms, render: 18ms)
 GET /api/auth/token 401 in 25ms (compile: 9ms, render: 16ms)
 GET /login?redirect=%2Fdashboard 200 in 187ms (compile: 10ms, proxy.ts: 9ms, render: 169ms)
 GET /api/auth/get-session 200 in 49ms (compile: 26ms, render: 23ms)
 GET /api/auth/token 401 in 32ms (compile: 11ms, render: 21ms)
 GET /api/auth/token 401 in 27ms (compile: 10ms, render: 17ms)
 GET /login?redirect=%2Fdashboard 200 in 224ms (compile: 11ms, proxy.ts: 10ms, render: 203ms)
 GET /api/auth/get-session 200 in 87ms (compile: 48ms, render: 38ms)
 GET /api/auth/token 401 in 26ms (compile: 10ms, render: 16ms)
 GET /api/auth/token 401 in 24ms (compile: 8ms, render: 16ms)
 GET /login?redirect=%2Fdashboard 200 in 221ms (compile: 9ms, proxy.ts: 11ms, render: 200ms)
 GET /api/auth/get-session 200 in 65ms (compile: 35ms, render: 30ms)
 GET /api/auth/token 401 in 31ms (compile: 11ms, render: 20ms)
 GET /api/auth/token 401 in 32ms (compile: 12ms, render: 20ms)
 GET /login?redirect=%2Fdashboard 200 in 285ms (compile: 11ms, proxy.ts: 10ms, render: 265ms)
 GET /api/auth/get-session 200 in 74ms (compile: 42ms, render: 32ms)
 GET /api/auth/token 401 in 27ms (compile: 9ms, render: 18ms)
 GET /api/auth/token 401 in 26ms (compile: 8ms, render: 18ms)
 GET /login?redirect=%2Fdashboard 200 in 800ms (compile: 407ms, proxy.ts: 8ms, render: 385ms)
 GET /api/auth/get-session 200 in 68ms (compile: 37ms, render: 31ms)
 GET /login?redirect=%2Fdashboard 200 in 273ms (compile: 25ms, proxy.ts: 12ms, render: 235ms)
 GET /api/auth/get-session 200 in 37ms (compile: 11ms, render: 26ms)
 GET /api/auth/token 401 in 31ms (compile: 11ms, render: 19ms)
 GET /api/auth/token 401 in 37ms (compile: 14ms, render: 23ms)
 GET /login?redirect=%2Fdashboard 200 in 259ms (compile: 16ms, proxy.ts: 14ms, render: 229ms)
 GET /api/auth/get-session 200 in 61ms (compile: 32ms, render: 28ms)
 GET /api/auth/token 401 in 24ms (compile: 8ms, render: 16ms)
 GET /api/auth/token 401 in 32ms (compile: 12ms, render: 20ms)
 GET /login?redirect=%2Fdashboard 200 in 265ms (compile: 22ms, proxy.ts: 9ms, render: 233ms)
 GET /api/auth/get-session 200 in 70ms (compile: 31ms, render: 39ms)
 GET /api/auth/token 401 in 33ms (compile: 15ms, render: 18ms)
 GET /api/auth/token 401 in 36ms (compile: 11ms, render: 25ms)
 GET /login?redirect=%2Fdashboard 200 in 238ms (compile: 12ms, proxy.ts: 8ms, render: 218ms)
 GET /api/auth/get-session 200 in 92ms (compile: 47ms, render: 45ms)
 GET /api/auth/token 401 in 38ms (compile: 14ms, render: 24ms)
 GET /api/auth/token 401 in 30ms (compile: 10ms, render: 20ms)
 GET /login?redirect=%2Fdashboard 200 in 218ms (compile: 16ms, proxy.ts: 10ms, render: 192ms)
 GET /api/auth/get-session 200 in 37ms (compile: 9ms, render: 28ms)
 GET /api/auth/token 401 in 28ms (compile: 12ms, render: 16ms)
 GET /api/auth/token 401 in 26ms (compile: 9ms, render: 17ms)
 GET /login?redirect=%2Fdashboard 200 in 264ms (compile: 11ms, proxy.ts: 9ms, render: 244ms)
 GET /api/auth/get-session 200 in 75ms (compile: 34ms, render: 41ms)
 GET /api/auth/token 401 in 22ms (compile: 8ms, render: 14ms)
 GET /api/auth/token 401 in 22ms (compile: 7ms, render: 14ms)
 GET /login?redirect=%2Fdashboard 200 in 213ms (compile: 12ms, proxy.ts: 12ms, render: 189ms)
 GET /api/auth/get-session 200 in 52ms (compile: 28ms, render: 24ms)
 GET /api/auth/token 401 in 25ms (compile: 9ms, render: 16ms)
 GET /api/auth/token 401 in 25ms (compile: 11ms, render: 15ms)
 GET /login?redirect=%2Fdashboard 200 in 274ms (compile: 18ms, proxy.ts: 14ms, render: 242ms)
✓ Finished filesystem cache database compaction in 19.2s
 GET /api/auth/get-session 200 in 52ms (compile: 33ms, render: 18ms)
 GET /api/auth/token 401 in 31ms (compile: 13ms, render: 18ms)
 GET /api/auth/token 401 in 27ms (compile: 10ms, render: 17ms)
 GET /login?redirect=%2Fdashboard 200 in 215ms (compile: 27ms, proxy.ts: 9ms, render: 179ms)
 GET /api/auth/get-session 200 in 60ms (compile: 39ms, render: 21ms)
 GET /api/auth/token 401 in 24ms (compile: 8ms, render: 16ms)
 GET /api/auth/token 401 in 29ms (compile: 9ms, render: 20ms)
 GET /login?redirect=%2Fdashboard 200 in 394ms (compile: 33ms, proxy.ts: 15ms, render: 346ms)
 GET /api/auth/get-session 200 in 55ms (compile: 32ms, render: 23ms)
 GET /login?redirect=%2Fdashboard 200 in 235ms (compile: 15ms, proxy.ts: 14ms, render: 206ms)
 GET /api/auth/get-session 200 in 21ms (compile: 7ms, render: 15ms)
 GET /api/auth/token 401 in 25ms (compile: 8ms, render: 17ms)
 GET /api/auth/token 401 in 28ms (compile: 7ms, render: 21ms)
 GET /login?redirect=%2Fdashboard 200 in 195ms (compile: 18ms, proxy.ts: 10ms, render: 167ms)
 GET /api/auth/get-session 200 in 66ms (compile: 36ms, render: 30ms)
 GET /api/auth/token 401 in 26ms (compile: 10ms, render: 17ms)
 GET /api/auth/token 401 in 22ms (compile: 8ms, render: 14ms)
 GET /login?redirect=%2Fdashboard 200 in 219ms (compile: 14ms, proxy.ts: 9ms, render: 197ms)
 GET /api/auth/get-session 200 in 53ms (compile: 29ms, render: 24ms)
 GET /api/auth/token 401 in 27ms (compile: 10ms, render: 17ms)
 GET /api/auth/token 401 in 22ms (compile: 7ms, render: 14ms)
 GET /login?redirect=%2Fdashboard 200 in 231ms (compile: 12ms, proxy.ts: 7ms, render: 212ms)
 GET /api/auth/get-session 200 in 53ms (compile: 30ms, render: 23ms)
 GET /api/auth/token 401 in 76ms (compile: 62ms, render: 14ms)
 GET /api/auth/token 401 in 31ms (compile: 12ms, render: 19ms)
 GET /login?redirect=%2Fdashboard 200 in 183ms (compile: 9ms, proxy.ts: 8ms, render: 166ms)
 GET /api/auth/get-session 200 in 60ms (compile: 29ms, render: 31ms)
 GET /api/auth/token 401 in 24ms (compile: 8ms, render: 16ms)
 GET /api/auth/token 401 in 25ms (compile: 9ms, render: 16ms)
 GET /login?redirect=%2Fdashboard 200 in 212ms (compile: 12ms, proxy.ts: 10ms, render: 191ms)
 GET /api/auth/get-session 200 in 39ms (compile: 24ms, render: 15ms)
 GET /api/auth/token 401 in 29ms (compile: 10ms, render: 19ms)
 GET /api/auth/token 401 in 29ms (compile: 9ms, render: 20ms)
 GET /login?redirect=%2Fdashboard 200 in 226ms (compile: 15ms, proxy.ts: 9ms, render: 202ms)
 GET /api/auth/get-session 200 in 35ms (compile: 23ms, render: 12ms)
 GET /api/auth/token 401 in 21ms (compile: 6ms, render: 15ms)
 GET /api/auth/token 401 in 25ms (compile: 10ms, render: 15ms)
 GET /login?redirect=%2Fdashboard 200 in 200ms (compile: 15ms, proxy.ts: 7ms, render: 177ms)
 GET /api/auth/get-session 200 in 55ms (compile: 25ms, render: 30ms)
 GET /api/auth/token 401 in 25ms (compile: 10ms, render: 15ms)
 GET /api/auth/token 401 in 20ms (compile: 7ms, render: 13ms)
 GET /login?redirect=%2Fdashboard 200 in 187ms (compile: 12ms, proxy.ts: 8ms, render: 167ms)
 GET /api/auth/get-session 200 in 52ms (compile: 27ms, render: 25ms)
 GET /api/auth/token 401 in 28ms (compile: 14ms, render: 14ms)
 GET /api/auth/token 401 in 18ms (compile: 7ms, render: 11ms)
 GET /dashboard 200 in 1567ms (compile: 890ms, proxy.ts: 50ms, render: 627ms)
 GET /api/auth/token 200 in 70ms (compile: 8ms, render: 61ms)
 GET /api/auth/get-session 200 in 71ms (compile: 27ms, render: 44ms)
 GET /api/auth/token 200 in 38ms (compile: 10ms, render: 27ms)
 GET /api/auth/token 200 in 34ms (compile: 7ms, render: 26ms)
 GET /api/auth/token 200 in 35ms (compile: 11ms, render: 24ms)
 GET /api/auth/token 200 in 83ms (compile: 8ms, render: 75ms)
 GET /api/auth/token 200 in 30ms (compile: 11ms, render: 18ms)
 GET /api/auth/token 200 in 27ms (compile: 7ms, render: 21ms)
 GET /api/auth/token 200 in 33ms (compile: 9ms, render: 24ms)
 GET /api/auth/token 200 in 33ms (compile: 10ms, render: 22ms)
 GET /api/auth/token 200 in 1756ms (compile: 606ms, render: 1150ms)
 GET /api/auth/token 200 in 467ms (compile: 82ms, render: 385ms)
 GET / 200 in 3.0s (compile: 1706ms, render: 1283ms)
 GET / 200 in 205ms (compile: 27ms, render: 178ms)
 GET /api/auth/get-session 200 in 100ms (compile: 65ms, render: 35ms)
 GET /dashboard 200 in 97ms (compile: 30ms, proxy.ts: 11ms, render: 55ms)
 GET /api/auth/token 200 in 53ms (compile: 19ms, render: 34ms)
 GET /api/auth/token 200 in 25ms (compile: 5ms, render: 19ms)
 GET /api/auth/token 200 in 29ms (compile: 16ms, render: 13ms)
 GET /api/auth/token 200 in 28ms (compile: 9ms, render: 19ms)
 GET / 200 in 76ms (compile: 8ms, render: 68ms)
 GET / 200 in 91ms (compile: 10ms, render: 81ms)
 GET /api/auth/token 200 in 468ms (compile: 239ms, render: 229ms)
 GET /api/auth/token 200 in 116ms (compile: 68ms, render: 48ms)
 GET /api/auth/token 200 in 79ms (compile: 31ms, render: 48ms)
 GET /api/auth/token 200 in 59ms (compile: 22ms, render: 37ms)
 GET / 200 in 241ms (compile: 24ms, render: 217ms)
 GET / 200 in 492ms (compile: 199ms, render: 293ms)
 GET /dashboard 200 in 745ms (compile: 71ms, proxy.ts: 201ms, render: 473ms)
 GET /api/auth/token 200 in 66ms (compile: 24ms, render: 42ms)
 GET /api/auth/get-session 200 in 104ms (compile: 57ms, render: 47ms)
 GET /api/auth/token 200 in 42ms (compile: 13ms, render: 29ms)
 GET /api/auth/token 200 in 38ms (compile: 14ms, render: 24ms)
 GET /api/auth/token 200 in 44ms (compile: 17ms, render: 27ms)
 GET /api/auth/token 200 in 45ms (compile: 13ms, render: 33ms)
 GET /api/auth/token 200 in 106ms (compile: 81ms, render: 26ms)
 GET /api/auth/token 200 in 41ms (compile: 19ms, render: 22ms)
 GET /api/auth/token 200 in 31ms (compile: 10ms, render: 21ms)
 GET /api/auth/token 200 in 97ms (compile: 78ms, render: 19ms)
 GET /api/auth/token 200 in 32ms (compile: 14ms, render: 18ms)
 GET /api/auth/token 200 in 33ms (compile: 11ms, render: 22ms)
 GET /api/auth/token 200 in 97ms (compile: 76ms, render: 21ms)
 GET /api/auth/token 200 in 31ms (compile: 8ms, render: 23ms)
 GET /api/auth/token 200 in 106ms (compile: 85ms, render: 21ms)
 GET /api/auth/token 200 in 36ms (compile: 10ms, render: 26ms)
○ Compiling /_not-found/page ...
 GET /chat 404 in 14.7s (compile: 14.3s, render: 419ms)
 GET /api/auth/get-session 200 in 84ms (compile: 41ms, render: 43ms)
✓ Finished filesystem cache database compaction in 18.5s
 GET /chat 404 in 502ms (compile: 104ms, render: 398ms)
 GET /api/auth/get-session 200 in 117ms (compile: 51ms, render: 66ms)
✓ Compiled in 762ms
 GET / 200 in 717ms (compile: 307ms, render: 410ms)
 GET /chat 404 in 1139ms (compile: 408ms, render: 731ms)
 GET /api/auth/get-session 200 in 62ms (compile: 36ms, render: 26ms)
 GET / 200 in 340ms (compile: 37ms, render: 303ms)
 GET /api/auth/get-session 200 in 50ms (compile: 24ms, render: 26ms)
 GET /api/auth/token 401 in 30ms (compile: 14ms, render: 16ms)
 GET /api/auth/token 401 in 22ms (compile: 7ms, render: 15ms)
 GET /api/auth/token 401 in 120ms (compile: 53ms, render: 67ms)
 GET /api/auth/token 401 in 36ms (compile: 14ms, render: 22ms)
 GET /login 200 in 1459ms (compile: 1040ms, proxy.ts: 67ms, render: 352ms)
 POST /api/auth/sign-in/email 200 in 12.3s (compile: 70ms, render: 12.2s)
 GET /dashboard 200 in 849ms (compile: 584ms, proxy.ts: 50ms, render: 215ms)
 GET /api/auth/token 200 in 67ms (compile: 14ms, render: 53ms)
 GET /api/auth/token 200 in 50ms (compile: 15ms, render: 35ms)
 GET /api/auth/token 200 in 47ms (compile: 13ms, render: 34ms)
 GET /api/auth/token 200 in 55ms (compile: 20ms, render: 35ms)
 GET /api/auth/token 200 in 134ms (compile: 83ms, render: 51ms)
 GET /api/auth/token 200 in 53ms (compile: 13ms, render: 40ms)
 GET /dashboard 200 in 1357ms (compile: 54ms, proxy.ts: 94ms, render: 1209ms)
 GET /api/auth/token 200 in 80ms (compile: 29ms, render: 51ms)
 GET /api/auth/get-session 200 in 128ms (compile: 49ms, render: 80ms)
 POST /api/auth/sign-out 200 in 1796ms (compile: 89ms, render: 1707ms)
 GET / 200 in 98ms (compile: 26ms, render: 71ms)
 GET /login 200 in 107ms (compile: 26ms, proxy.ts: 14ms, render: 68ms)
 POST /api/auth/sign-in/email 200 in 5.0s (compile: 34ms, render: 5.0s)
 GET /dashboard 200 in 95ms (compile: 17ms, proxy.ts: 15ms, render: 62ms)
 GET /api/auth/token 200 in 43ms (compile: 13ms, render: 31ms)
 GET /api/auth/token 200 in 32ms (compile: 10ms, render: 22ms)
 GET /api/auth/token 200 in 38ms (compile: 12ms, render: 26ms)
 GET /api/auth/token 200 in 38ms (compile: 16ms, render: 23ms)
 GET /api/auth/token 200 in 34ms (compile: 9ms, render: 25ms)
 GET / 200 in 2.2s (compile: 473ms, render: 1772ms)
 GET /api/auth/get-session 200 in 311ms (compile: 113ms, render: 199ms)
 GET /login 200 in 894ms (compile: 203ms, proxy.ts: 88ms, render: 603ms)
 GET /api/auth/get-session 200 in 59ms (compile: 31ms, render: 28ms)
 GET / 200 in 564ms (compile: 31ms, render: 532ms)
 GET /api/auth/get-session 200 in 58ms (compile: 35ms, render: 23ms)
 GET / 200 in 433ms (compile: 148ms, render: 285ms)
 GET /api/auth/get-session 200 in 53ms (compile: 30ms, render: 23ms)
 GET / 200 in 258ms (compile: 9ms, render: 248ms)
 GET /api/auth/get-session 200 in 65ms (compile: 32ms, render: 32ms)
 GET /api/auth/token 200 in 42ms (compile: 12ms, render: 30ms)
 GET /api/auth/token 200 in 26ms (compile: 6ms, render: 20ms)
 GET /api/auth/token 200 in 53ms (compile: 17ms, render: 36ms)
 GET /api/auth/token 200 in 43ms (compile: 16ms, render: 27ms)
 GET /dashboard 200 in 287ms (compile: 21ms, proxy.ts: 28ms, render: 238ms)
 GET /api/auth/token 200 in 67ms (compile: 15ms, render: 52ms)
 GET /api/auth/get-session 200 in 93ms (compile: 40ms, render: 53ms)
 GET /dashboard 200 in 257ms (compile: 17ms, proxy.ts: 17ms, render: 223ms)
 GET /api/auth/token 200 in 49ms (compile: 14ms, render: 34ms)
 GET /api/auth/get-session 200 in 87ms (compile: 48ms, render: 39ms)
 GET /api/auth/token 200 in 80ms (compile: 10ms, render: 71ms)
 GET /api/auth/token 200 in 37ms (compile: 11ms, render: 26ms)
 GET /api/auth/token 200 in 40ms (compile: 13ms, render: 27ms)
 GET /api/auth/token 200 in 37ms (compile: 10ms, render: 27ms)
 GET /dashboard 200 in 249ms (compile: 17ms, proxy.ts: 31ms, render: 202ms)
 GET /api/auth/token 200 in 43ms (compile: 12ms, render: 30ms)
 GET /api/auth/get-session 200 in 57ms (compile: 26ms, render: 31ms)
 GET /dashboard 200 in 583ms (compile: 47ms, proxy.ts: 116ms, render: 420ms)
 GET /api/auth/token 200 in 78ms (compile: 24ms, render: 53ms)
 GET /api/auth/get-session 200 in 102ms (compile: 34ms, render: 68ms)
 GET /dashboard 200 in 403ms (compile: 16ms, proxy.ts: 85ms, render: 303ms)
 GET /api/auth/token 200 in 48ms (compile: 13ms, render: 35ms)
 GET /api/auth/get-session 200 in 75ms (compile: 33ms, render: 42ms)
 GET /api/auth/token 200 in 41ms (compile: 12ms, render: 30ms)
 GET /api/auth/token 200 in 37ms (compile: 9ms, render: 28ms)
 GET /api/auth/token 200 in 103ms (compile: 65ms, render: 38ms)
 GET /api/auth/token 200 in 107ms (compile: 78ms, render: 29ms)
 GET /api/auth/token 200 in 35ms (compile: 15ms, render: 21ms)
✓ Compiled in 1270ms
 GET /api/auth/token 200 in 884ms (compile: 495ms, render: 388ms)
 GET /api/auth/token 200 in 274ms (compile: 62ms, render: 212ms)
 GET /api/auth/token 200 in 32ms (compile: 11ms, render: 21ms)
 GET /api/auth/token 200 in 28ms (compile: 7ms, render: 21ms)
 GET /dashboard 200 in 1219ms (compile: 467ms, proxy.ts: 19ms, render: 733ms)
 GET /api/auth/token 200 in 28ms (compile: 7ms, render: 21ms)
 GET /api/auth/get-session 200 in 79ms (compile: 43ms, render: 36ms)
 GET /dashboard 200 in 244ms (compile: 12ms, proxy.ts: 15ms, render: 216ms)
 GET /api/auth/token 200 in 33ms (compile: 8ms, render: 26ms)
 GET /api/auth/get-session 200 in 63ms (compile: 33ms, render: 30ms)
 GET /api/auth/token 200 in 36ms (compile: 13ms, render: 24ms)
 GET /api/auth/token 200 in 31ms (compile: 12ms, render: 19ms)
 GET /api/auth/token 200 in 30ms (compile: 12ms, render: 18ms)
 GET /api/auth/token 200 in 37ms (compile: 7ms, render: 30ms)
 GET /api/auth/token 200 in 27ms (compile: 9ms, render: 18ms)
 GET /api/auth/token 200 in 22ms (compile: 6ms, render: 16ms)
 GET /dashboard 200 in 1183ms (compile: 476ms, proxy.ts: 33ms, render: 674ms)
 GET /dashboard 200 in 1396ms (compile: 28ms, proxy.ts: 668ms, render: 700ms)
 GET /dashboard 200 in 761ms (compile: 113ms, proxy.ts: 33ms, render: 615ms)
 GET /dashboard 200 in 656ms (compile: 20ms, proxy.ts: 28ms, render: 609ms)
 GET /dashboard 200 in 648ms (compile: 122ms, proxy.ts: 22ms, render: 504ms)
 GET /dashboard 200 in 426ms (compile: 29ms, proxy.ts: 51ms, render: 346ms)
 GET /dashboard 200 in 419ms (compile: 135ms, proxy.ts: 44ms, render: 241ms)
 GET /dashboard 200 in 263ms (compile: 24ms, proxy.ts: 135ms, render: 104ms)
✓ Compiled in 3s
 GET /dashboard 200 in 2.9s (compile: 907ms, proxy.ts: 37ms, render: 1940ms)
 GET /dashboard 200 in 1478ms (compile: 118ms, proxy.ts: 110ms, render: 1250ms)
 GET /dashboard 200 in 1762ms (compile: 537ms, proxy.ts: 874ms, render: 351ms)
 GET /dashboard 200 in 3.8s (compile: 1202ms, proxy.ts: 33ms, render: 2.5s)
 GET /dashboard 200 in 2.3s (compile: 230ms, proxy.ts: 132ms, render: 1972ms)
 GET /dashboard 200 in 2.4s (compile: 316ms, proxy.ts: 88ms, render: 1955ms)
 GET /dashboard 200 in 2.3s (compile: 1165ms, proxy.ts: 221ms, render: 947ms)
 GET /api/auth/token 200 in 55ms (compile: 10ms, render: 45ms)
 GET /api/auth/get-session 200 in 87ms (compile: 36ms, render: 51ms)
 GET /api/auth/token 200 in 23ms (compile: 12ms, render: 12ms)
 GET /api/auth/get-session 200 in 84ms (compile: 33ms, render: 50ms)
○ Compiling /_error ...
 GET /dashboard 404 in 13.2s (compile: 13.0s, proxy.ts: 57ms, render: 215ms)
 GET / 404 in 396ms (compile: 319ms, render: 77ms)
 GET / 404 in 163ms (compile: 78ms, render: 86ms)

thread 'tokio-runtime-worker' (22724) panicked at turbopack\crates\turbo-persistence\src\static_sorted_file.rs:387:51:
range start index 2964606 out of range for slice of length 2964354
note: run with `RUST_BACKTRACE=1` environment variable to display a backtrace
 GET /dashboard 404 in 271ms (compile: 109ms, proxy.ts: 88ms, render: 75ms)
 GET /dashboard 404 in 132ms (compile: 61ms, proxy.ts: 20ms, render: 51ms)
Could not find files for /_error in .next/build-manifest.json
Could not find files for /_error in .next/build-manifest.json
 GET /api/auth/get-session 404 in 141ms (compile: 73ms, render: 68ms)
Could not find files for /_error in .next/build-manifest.json
Could not find files for /_error in .next/build-manifest.json
 GET /api/auth/get-session 404 in 121ms (compile: 66ms, render: 54ms)
[?25h
